
Showing logs for build [32mcb-kubecd-environment-pr-208-13-lflkp-1[0m stage [32mfrom-build-pack[0m and container [32mstep-credential-initializer-q4dkw[0m
{"level":"info","ts":1587633121.3186898,"logger":"fallback-logger","caller":"logging/config.go:69","msg":"Fetch GitHub commit ID from kodata failed: open /var/run/ko/refs/heads/0.8.0-ns-support: no such file or directory"}
{"level":"info","ts":1587633121.3192527,"logger":"fallback-logger","caller":"creds-init/main.go:40","msg":"Credentials initialized."}

Showing logs for build [32mcb-kubecd-environment-pr-208-13-lflkp-1[0m stage [32mfrom-build-pack[0m and container [32mstep-working-dir-initializer-tq5fx[0m
{"level":"info","ts":1587633122.2825606,"logger":"fallback-logger","caller":"logging/config.go:69","msg":"Fetch GitHub commit ID from kodata failed: open /var/run/ko/HEAD: no such file or directory"}
{"level":"info","ts":1587633122.2841635,"logger":"fallback-logger","caller":"bash/main.go:64","msg":"Successfully executed command \"sh -c mkdir -p /workspace/source\"; output "}

Showing logs for build [32mcb-kubecd-environment-pr-208-13-lflkp-1[0m stage [32mfrom-build-pack[0m and container [32mstep-place-tools[0m

Showing logs for build [32mcb-kubecd-environment-pr-208-13-lflkp-1[0m stage [32mfrom-build-pack[0m and container [32mstep-git-source-cb-kubecd-environment-pr-208-13-lflkp-hbfvj[0m
{"level":"info","ts":1587633126.4580636,"logger":"fallback-logger","caller":"logging/config.go:69","msg":"Fetch GitHub commit ID from kodata failed: open /var/run/ko/refs/heads/0.8.0-ns-support: no such file or directory"}
{"level":"info","ts":1587633127.50311,"logger":"fallback-logger","caller":"git/git.go:103","msg":"Successfully cloned https://github.com/cb-kubecd/environment-pr-208-13-boot-gke-staging.git @ master in path /workspace/source"}

Showing logs for build [32mcb-kubecd-environment-pr-208-13-lflkp-1[0m stage [32mfrom-build-pack[0m and container [32mstep-git-merge[0m
Using SHAs from PULL_REFS=master:91c3660c6670e281fb89d33287c9ff93cd83be14,2:cad8daf13d99cb168e77b27938284d981489e6bf
DEBUG: LC_ALL=C JX_LOG_LEVEL=error git fetch origin --unshallow cad8daf13d99cb168e77b27938284d981489e6bf: 91c3660c6670e281fb89d33287c9ff93cd83be14:
DEBUG: ran git fetch --unshallow origin cad8daf13d99cb168e77b27938284d981489e6bf: 91c3660c6670e281fb89d33287c9ff93cd83be14: in 
DEBUG: LC_ALL=C JX_LOG_LEVEL=error git branch
DEBUG: JX_LOG_LEVEL=error LC_ALL=C git checkout master
DEBUG: ran git checkout master in 
DEBUG: LC_ALL=C JX_LOG_LEVEL=error git reset --hard 91c3660c6670e281fb89d33287c9ff93cd83be14
DEBUG: ran git reset --hard 91c3660c6670e281fb89d33287c9ff93cd83be14 in 
DEBUG: LC_ALL=C JX_LOG_LEVEL=error git clean -fd .
DEBUG: ran clean --force -d . in 
DEBUG: LC_ALL=C JX_LOG_LEVEL=error git merge cad8daf13d99cb168e77b27938284d981489e6bf
DEBUG: ran git merge cad8daf13d99cb168e77b27938284d981489e6bf in 
DEBUG: LC_ALL=C JX_LOG_LEVEL=error git log --format=%H%x1f%an%x1f%ae%x1f%cn%x1f%ce%x1f%s%n%b%x1e 91c3660c6670e281fb89d33287c9ff93cd83be14..HEAD
Merged SHA cad8daf13d99cb168e77b27938284d981489e6bf with commit message 'chore: Promote bdd-gh-1587632757 to version 0.0.1' into base branch master

Showing logs for build [32mcb-kubecd-environment-pr-208-13-lflkp-1[0m stage [32mfrom-build-pack[0m and container [32mstep-build-helm-build[0m
WARNING: No $CHART_REPOSITORY defined so using the default value of: http://jenkins-x-chartmuseum:8080
Adding missing Helm repo: storage.googleapis.com https://storage.googleapis.com/chartmuseum.jenkins-x.io
WARNING: No secrets found on "helm/repos" due: reading the secret "helm/repos" from vault: no secret "helm/repos" not found in vault
Read credentials for https://storage.googleapis.com/chartmuseum.jenkins-x.io from vault helm/repos
Successfully added Helm repository storage.googleapis.com.
Adding missing Helm repo: jenkins-x-chartmuseum http://jenkins-x-chartmuseum:8080
WARNING: No secrets found on "helm/repos" due: reading the secret "helm/repos" from vault: no secret "helm/repos" not found in vault
Read credentials for http://jenkins-x-chartmuseum:8080 from vault helm/repos
Successfully added Helm repository jenkins-x-chartmuseum.
WARNING: No $CHART_REPOSITORY defined so using the default value of: http://jenkins-x-chartmuseum:8080
Adding missing Helm repo: chartmuseum.jenkins-x.io http://chartmuseum.jenkins-x.io
WARNING: No secrets found on "helm/repos" due: reading the secret "helm/repos" from vault: no secret "helm/repos" not found in vault
Read credentials for http://chartmuseum.jenkins-x.io from vault helm/repos
Successfully added Helm repository chartmuseum.jenkins-x.io.
