
Showing logs for build [32mcb-kubecd-environment-pr-208-13-cz6rd-1[0m stage [32mfrom-build-pack[0m and container [32mstep-credential-initializer-bn79d[0m
{"level":"info","ts":1587637056.0228803,"logger":"fallback-logger","caller":"logging/config.go:69","msg":"Fetch GitHub commit ID from kodata failed: open /var/run/ko/refs/heads/0.8.0-ns-support: no such file or directory"}
{"level":"info","ts":1587637056.0233402,"logger":"fallback-logger","caller":"creds-init/main.go:40","msg":"Credentials initialized."}

Showing logs for build [32mcb-kubecd-environment-pr-208-13-cz6rd-1[0m stage [32mfrom-build-pack[0m and container [32mstep-working-dir-initializer-kzqnq[0m
{"level":"info","ts":1587637056.7236104,"logger":"fallback-logger","caller":"logging/config.go:69","msg":"Fetch GitHub commit ID from kodata failed: open /var/run/ko/HEAD: no such file or directory"}
{"level":"info","ts":1587637056.7285695,"logger":"fallback-logger","caller":"bash/main.go:64","msg":"Successfully executed command \"sh -c mkdir -p /workspace/source\"; output "}

Showing logs for build [32mcb-kubecd-environment-pr-208-13-cz6rd-1[0m stage [32mfrom-build-pack[0m and container [32mstep-place-tools[0m

Showing logs for build [32mcb-kubecd-environment-pr-208-13-cz6rd-1[0m stage [32mfrom-build-pack[0m and container [32mstep-git-source-cb-kubecd-environment-pr-208-13-cz6rd-mvn6w[0m
{"level":"info","ts":1587637062.0223062,"logger":"fallback-logger","caller":"logging/config.go:69","msg":"Fetch GitHub commit ID from kodata failed: open /var/run/ko/refs/heads/0.8.0-ns-support: no such file or directory"}
{"level":"info","ts":1587637063.1119041,"logger":"fallback-logger","caller":"git/git.go:103","msg":"Successfully cloned https://github.com/cb-kubecd/environment-pr-208-13-boot-gke-staging.git @ master in path /workspace/source"}

Showing logs for build [32mcb-kubecd-environment-pr-208-13-cz6rd-1[0m stage [32mfrom-build-pack[0m and container [32mstep-git-merge[0m
Using SHAs from PULL_REFS=master:31fc668870f9577604dcb4e02b0a09bf18a0297c,8:8f93bad73cdf85990e8c2b30dddbb25983fdbabd
DEBUG: LC_ALL=C JX_LOG_LEVEL=error git fetch origin --unshallow 8f93bad73cdf85990e8c2b30dddbb25983fdbabd: 31fc668870f9577604dcb4e02b0a09bf18a0297c:
DEBUG: ran git fetch --unshallow origin 8f93bad73cdf85990e8c2b30dddbb25983fdbabd: 31fc668870f9577604dcb4e02b0a09bf18a0297c: in 
DEBUG: LC_ALL=C JX_LOG_LEVEL=error git branch
DEBUG: LC_ALL=C JX_LOG_LEVEL=error git checkout master
DEBUG: ran git checkout master in 
DEBUG: LC_ALL=C JX_LOG_LEVEL=error git reset --hard 31fc668870f9577604dcb4e02b0a09bf18a0297c
DEBUG: ran git reset --hard 31fc668870f9577604dcb4e02b0a09bf18a0297c in 
DEBUG: LC_ALL=C JX_LOG_LEVEL=error git clean -fd .
DEBUG: ran clean --force -d . in 
DEBUG: LC_ALL=C JX_LOG_LEVEL=error git merge 8f93bad73cdf85990e8c2b30dddbb25983fdbabd
DEBUG: ran git merge 8f93bad73cdf85990e8c2b30dddbb25983fdbabd in 
DEBUG: LC_ALL=C JX_LOG_LEVEL=error git log --format=%H%x1f%an%x1f%ae%x1f%cn%x1f%ce%x1f%s%n%b%x1e 31fc668870f9577604dcb4e02b0a09bf18a0297c..HEAD
Merged SHA 8f93bad73cdf85990e8c2b30dddbb25983fdbabd with commit message 'chore: Promote bdd-ghf**y-import-1587635219 to version 0.0.1' into base branch master

Showing logs for build [32mcb-kubecd-environment-pr-208-13-cz6rd-1[0m stage [32mfrom-build-pack[0m and container [32mstep-build-helm-build[0m
WARNING: No $CHART_REPOSITORY defined so using the default value of: http://jenkins-x-chartmuseum:8080
Adding missing Helm repo: storage.googleapis.com https://storage.googleapis.com/chartmuseum.jenkins-x.io
WARNING: No secrets found on "helm/repos" due: reading the secret "helm/repos" from vault: no secret "helm/repos" not found in vault
Read credentials for https://storage.googleapis.com/chartmuseum.jenkins-x.io from vault helm/repos
Successfully added Helm repository storage.googleapis.com.
Adding missing Helm repo: jenkins-x-chartmuseum http://jenkins-x-chartmuseum:8080
WARNING: No secrets found on "helm/repos" due: reading the secret "helm/repos" from vault: no secret "helm/repos" not found in vault
Read credentials for http://jenkins-x-chartmuseum:8080 from vault helm/repos
Successfully added Helm repository jenkins-x-chartmuseum.
WARNING: No $CHART_REPOSITORY defined so using the default value of: http://jenkins-x-chartmuseum:8080
Adding missing Helm repo: chartmuseum.jenkins-x.io http://chartmuseum.jenkins-x.io
WARNING: No secrets found on "helm/repos" due: reading the secret "helm/repos" from vault: no secret "helm/repos" not found in vault
Read credentials for http://chartmuseum.jenkins-x.io from vault helm/repos
Successfully added Helm repository chartmuseum.jenkins-x.io.
